<?xml version="1.0" encoding="UTF-8"?>
<testsuites>
    <testsuite name="force.apex" timestamp="2026-09-17T23:52:29.000Z" hostname="https://orgfarm-2fff6fef3a-dev-ed.develop.my.salesforce.com" tests="1" failures="1"  errors="0"  time="0.05">
        <properties>
            <property name="outcome" value="Failed"/>
            <property name="testsRan" value="1"/>
            <property name="passing" value="0"/>
            <property name="failing" value="1"/>
            <property name="skipped" value="0"/>
            <property name="passRate" value="0%"/>
            <property name="failRate" value="100%"/>
            <property name="testStartTime" value="Thu Sep 17 2026 20:52:29"/>
            <property name="testSetupTimeInMs" value="0"/>
            <property name="testExecutionTime" value="0.05 s"/>
            <property name="testTotalTime" value="0.05 s"/>
            <property name="commandTime" value="0.38 s"/>
            <property name="hostname" value="https://orgfarm-2fff6fef3a-dev-ed.develop.my.salesforce.com"/>
            <property name="orgId" value="00DdL00000wPqTRUA0"/>
            <property name="username" value="thiagohula.9deba7583606@agentforce.com"/>
            <property name="testRunId" value="707dL00001NYN1w"/>
            <property name="userId" value="005dL00001m7zm2QAA"/>
        </properties>
        <testcase name="updateAddressInAppointment" classname="ZipCodeServiceTest" time="0.05">
            <failure message="System.DmlException: Insert failed. First exception on row 0; first error: FIELD_CUSTOM_VALIDATION_EXCEPTION, CPF inválido. Informe 11 números ou utilize o formato 000.000.000-00.: [CPF__c]"><![CDATA[Class.ZipCodeServiceTest.updateAddressInAppointment: line 214, column 1]]></failure>
        </testcase>
    </testsuite>
</testsuites>
