<?xml version="1.0" encoding="UTF-8"?>
<testsuites>
    <testsuite name="force.apex" timestamp="2026-09-17T23:57:08.000Z" hostname="https://orgfarm-2fff6fef3a-dev-ed.develop.my.salesforce.com" tests="1" failures="1"  errors="0"  time="0.04">
        <properties>
            <property name="outcome" value="Failed"/>
            <property name="testsRan" value="1"/>
            <property name="passing" value="0"/>
            <property name="failing" value="1"/>
            <property name="skipped" value="0"/>
            <property name="passRate" value="0%"/>
            <property name="failRate" value="100%"/>
            <property name="testStartTime" value="Thu Sep 17 2026 20:57:08"/>
            <property name="testSetupTimeInMs" value="0"/>
            <property name="testExecutionTime" value="0.04 s"/>
            <property name="testTotalTime" value="0.04 s"/>
            <property name="commandTime" value="1.27 s"/>
            <property name="hostname" value="https://orgfarm-2fff6fef3a-dev-ed.develop.my.salesforce.com"/>
            <property name="orgId" value="00DdL00000wPqTRUA0"/>
            <property name="username" value="thiagohula.9deba7583606@agentforce.com"/>
            <property name="testRunId" value="707dL00001NYUMZ"/>
            <property name="userId" value="005dL00001m7zm2QAA"/>
        </properties>
        <testcase name="updateAddressInAppointment" classname="ZipCodeServiceTest" time="0.04">
            <failure message="System.AssertException: Assertion Failed: Cadastre ao menos 1 Vet__c na org antes de rodar este teste."><![CDATA[Class.ZipCodeServiceTest.updateAddressInAppointment: line 186, column 1]]></failure>
        </testcase>
    </testsuite>
</testsuites>
